<?xml version="1.0" encoding="UTF-8" ?>
<testsuite tests="5" failures="0" name="TypeAndTest" time="0.364" errors="0" skipped="0">
  <properties>
[...]
</properties>
  <testcase classname="TypeAndTest" name="recurseWithPM" time="0.057"/>
  <testcase classname="TypeAndTest" name="simpleTuples" time="0.003"/>
  <testcase classname="TypeAndTest" name="testDate" time="0.266"/>
  <testcase classname="TypeAndTest" name="optionWithPM" time="0.037"/>
  <testcase classname="TypeAndTest" name="recurseWithPMAndSayHi" time="0.001"/>
</testsuite>